<?xml version="1.0" encoding="UTF-8"?>
<!-- Generated by org.testng.reporters.JUnitReportReporter -->
<testsuite hostname="Mac.lan" failures="0" tests="1" name="com.practice.tests.DemoTest" time="0.002" errors="0" timestamp="2025-07-05T23:18:42 IST" skipped="0">
  <testcase classname="com.practice.tests.DemoTest" name="testOpenUrl" time="0.002"/>
</testsuite> <!-- com.practice.tests.DemoTest -->
