<?xml version="1.0" encoding="UTF-8"?>
<!-- Generated by org.testng.reporters.JUnitReportReporter -->
<testsuite hostname="Kruthis-MacBook-Air.local" failures="0" tests="1" name="com.practice.test.EbayFunctionalTest" time="11.620" errors="0" timestamp="2025-07-20T12:25:48 IST" skipped="0">
  <testcase classname="com.practice.test.EbayFunctionalTest" name="verifyAddToCartFunctionality" time="11.620"/>
</testsuite> <!-- com.practice.test.EbayFunctionalTest -->
