<?xml version="1.0" encoding="UTF-8"?>
<!-- Generated by org.testng.reporters.JUnitReportReporter -->
<testsuite hostname="Kruthis-MacBook-Air.local" failures="0" tests="1" name="com.practice.tests.DemoTest" time="0.003" errors="0" timestamp="2025-07-20T12:25:48 IST" skipped="0">
  <testcase classname="com.practice.tests.DemoTest" name="testOpenUrl" time="0.003"/>
</testsuite> <!-- com.practice.tests.DemoTest -->
